<?xml version="1.0" encoding="UTF-8"?>
<testng-results skipped="0" failed="0" ignored="0" total="1" passed="1">
  <reporter-output>
  </reporter-output>
  <suite name="Default suite" duration-ms="151528" started-at="2019-11-19T13:11:49Z" finished-at="2019-11-19T13:14:21Z">
    <groups>
    </groups>
    <test name="Default test" duration-ms="151528" started-at="2019-11-19T13:11:49Z" finished-at="2019-11-19T13:14:21Z">
      <class name="probihited.ImportProhibited">
        <test-method status="PASS" signature="f()[pri:0, instance:probihited.ImportProhibited@d2cc05a]" name="f" duration-ms="151513" started-at="2019-11-19T13:11:49Z" finished-at="2019-11-19T13:14:21Z">
          <reporter-output>
          </reporter-output>
        </test-method> <!-- f -->
      </class> <!-- probihited.ImportProhibited -->
    </test> <!-- Default test -->
  </suite> <!-- Default suite -->
</testng-results>
