<?xml version="1.0" encoding="UTF-8"?>
<testng-results skipped="0" failed="0" total="1" passed="1">
  <reporter-output>
  </reporter-output>
  <suite name="Default suite" duration-ms="18354" started-at="2019-02-01T06:45:59Z" finished-at="2019-02-01T06:46:18Z">
    <groups>
    </groups>
    <test name="Default test" duration-ms="18354" started-at="2019-02-01T06:45:59Z" finished-at="2019-02-01T06:46:18Z">
      <class name="ubuyabroad.Parameterization">
        <test-method status="PASS" signature="beforeTest()[pri:0, instance:ubuyabroad.Parameterization@24a67]" name="beforeTest" is-config="true" duration-ms="12712" started-at="2019-02-01T12:15:59Z" finished-at="2019-02-01T12:16:12Z">
          <reporter-output>
          </reporter-output>
        </test-method> <!-- beforeTest -->
        <test-method status="PASS" signature="Search()[pri:0, instance:ubuyabroad.Parameterization@24a67]" name="Search" duration-ms="5630" started-at="2019-02-01T12:16:12Z" finished-at="2019-02-01T12:16:18Z">
          <reporter-output>
          </reporter-output>
        </test-method> <!-- Search -->
        <test-method status="PASS" signature="afterTest()[pri:0, instance:ubuyabroad.Parameterization@24a67]" name="afterTest" is-config="true" duration-ms="0" started-at="2019-02-01T12:16:18Z" finished-at="2019-02-01T12:16:18Z">
          <reporter-output>
          </reporter-output>
        </test-method> <!-- afterTest -->
      </class> <!-- ubuyabroad.Parameterization -->
    </test> <!-- Default test -->
  </suite> <!-- Default suite -->
</testng-results>
