<?xml version="1.0" encoding="UTF-8"?>
<!-- Generated by org.testng.reporters.JUnitXMLReporter -->
<testsuite hostname="anuj-HP-Slim-Desktop-290-p0xxx" failures="0" tests="1" name="Test" time="0.257" errors="0" timestamp="14 Oct 2020 09:06:53 GMT">
  <testcase classname="com.ubuy.testCases.TC_LoginTest_001" name="@BeforeClass setup" time="0.0">
    <failure type="java.lang.IllegalStateException" message="The driver is not executable: /home/anuj/AnujBansal/D drive/AUTOMATION_ANUJ/UBUY/./Drivers/geckodriver.exe">
      <![CDATA[java.lang.IllegalStateException: The driver is not executable: /home/anuj/AnujBansal/D drive/AUTOMATION_ANUJ/UBUY/./Drivers/geckodriver.exe
	at com.google.common.base.Preconditions.checkState(Preconditions.java:585)
	at org.openqa.selenium.remote.service.DriverService.checkExecutable(DriverService.java:141)
	at org.openqa.selenium.remote.service.DriverService.findExecutable(DriverService.java:132)
	at org.openqa.selenium.firefox.GeckoDriverService.access$100(GeckoDriverService.java:43)
	at org.openqa.selenium.firefox.GeckoDriverService$Builder.findDefaultExecutable(GeckoDriverService.java:168)
	at org.openqa.selenium.remote.service.DriverService$Builder.build(DriverService.java:346)
	at org.openqa.selenium.firefox.FirefoxDriver.toExecutor(FirefoxDriver.java:168)
	at org.openqa.selenium.firefox.FirefoxDriver.<init>(FirefoxDriver.java:125)
	at org.openqa.selenium.firefox.FirefoxDriver.<init>(FirefoxDriver.java:103)
	at com.ubuy.testCases.BaseClass.setup(BaseClass.java:55)
... Removed 24 stack frames]]>
    </failure>
  </testcase> <!-- @BeforeClass setup -->
  <testcase classname="com.ubuy.testCases.TC_LoginTest_001" name="@AfterClass teardown" time="0.0">
    <skipped/>
  </testcase> <!-- @AfterClass teardown -->
  <testcase classname="com.ubuy.testCases.TC_LoginTest_001" name="logintest" time="0.001">
    <skipped/>
  </testcase> <!-- logintest -->
</testsuite> <!-- Test -->
