<?xml version="1.0" encoding="UTF-8"?>
<testng-results skipped="1" failed="0" ignored="0" total="1" passed="0">
  <reporter-output>
  </reporter-output>
  <suite name="Default suite" duration-ms="46338" started-at="2019-05-22T13:06:24Z" finished-at="2019-05-22T13:07:10Z">
    <groups>
    </groups>
    <test name="Default test" duration-ms="46338" started-at="2019-05-22T13:06:24Z" finished-at="2019-05-22T13:07:10Z">
      <class name="testng_FramWork.Login">
        <test-method status="FAIL" signature="beforeTest()[pri:0, instance:testng_FramWork.Login@4520ebad]" name="beforeTest" is-config="true" duration-ms="46314" started-at="2019-05-22T13:06:24Z" finished-at="2019-05-22T13:07:10Z">
          <exception class="org.openqa.selenium.WebDriverException">
            <message>
              <![CDATA[Failed to connect to binary FirefoxBinary(C:\Program Files\Mozilla Firefox\firefox.exe) on port 7055; process output follows: 
54addons.xpiDEBUGCalling bootstrap method startup on screenshots@mozilla.org version 35.0.0
1558530385554addons.xpiDEBUGCalling bootstrap method startup on webcompat@mozilla.org version 3.0.2
1558530385556addons.managerDEBUGRegistering shutdown blocker for XPIProvider
1558530385556addons.managerDEBUGProvider finished startup: XPIProvider
1558530385556addons.managerDEBUGStarting provider: LightweightThemeManager
1558530385556addons.managerDEBUGRegistering shutdown blocker for LightweightThemeManager
1558530385556addons.managerDEBUGProvider finished startup: LightweightThemeManager
1558530385556addons.managerDEBUGStarting provider: GMPProvider
1558530385559addons.managerDEBUGRegistering shutdown blocker for GMPProvider
1558530385559addons.managerDEBUGProvider finished startup: GMPProvider
1558530385559addons.managerDEBUGStarting provider: PluginProvider
1558530385559addons.managerDEBUGRegistering shutdown blocker for PluginProvider
1558530385559addons.managerDEBUGProvider finished startup: PluginProvider
1558530385562addons.managerDEBUGCompleted startup sequence
1558530386558addons.repositoryDEBUGNo addons.json found.
1558530387198addons.managerDEBUGRegistering upgrade listener for formautofill@mozilla.org
1558530387276addons.xpiDEBUGIgnoring file: name is not a valid add-on ID: C:\Users\HP\AppData\Local\Temp\anonymous2304941973705155483webdriver-profile\extensions\webdriver-staging
1558530387277addons.xpiDEBUGExisting add-on formautofill@mozilla.org in app-system-defaults
1558530387277addons.xpiDEBUGExisting add-on screenshots@mozilla.org in app-system-defaults
1558530387277addons.xpiDEBUGExisting add-on webcompat-reporter@mozilla.org in app-system-defaults
1558530387277addons.xpiDEBUGExisting add-on webcompat@mozilla.org in app-system-defaults
1558530387277addons.xpiDEBUGscanForChanges changed: false, state: {}
JavaScript error: resource://gre/modules/addons/XPIProvider.jsm, line 2614: TypeError: addon is null
1558530389962addons.xpiDEBUGCalling bootstrap method shutdown on webcompat@mozilla.org version 3.0.2
1558530389964addons.xpiDEBUGCalling bootstrap method shutdown on screenshots@mozilla.org version 35.0.0
1558530389966addons.xpiDEBUGCalling bootstrap method shutdown on formautofill@mozilla.org version 1.0
[Parent 14120, Gecko_IOThread] WARNING: pipe error: 109: file z:/build/build/src/ipc/chromium/src/chrome/common/ipc_channel_win.cc, line 332
[Child 18812, Chrome_ChildThread] WARNING: pipe error: 109: file z:/build/build/src/ipc/chromium/src/chrome/common/ipc_channel_win.cc, line 332
[Child 18812, Chrome_ChildThread] WARNING: pipe error: 109: file z:/build/build/src/ipc/chromium/src/chrome/common/ipc_channel_win.cc, line 332
[Child 18728, Chrome_ChildThread] WARNING: pipe error: 109: file z:/build/build/src/ipc/chromium/src/chrome/common/ipc_channel_win.cc, line 332
[Child 18728, Chrome_ChildThread] [Child 3260, Chrome_ChildThread] WARNING: pipe error: 109: file z:/build/build/src/ipc/chromium/src/chrome/common/ipc_channel_win.cc, line 332
[Child 3260, Chrome_ChildThread] WAR1558530390081addons.managerDEBUGshutdown
1558530390081addons.managerDEBUGCalling shutdown blocker for XPIProvider
1558530390081addons.xpiDEBUGshutdown
1558530390082addons.xpi-utilsDEBUGshutdown
1558530390082addons.managerDEBUGCalling shutdown blocker for LightweightThemeManager
1558530390082addons.managerDEBUGCalling shutdown blocker for GMPProvider
1558530390082addons.managerDEBUGCalling shutdown blocker for PluginProvider
1558530390084addons.managerDEBUGAsync provider shutdown done
[Parent 14120, Gecko_IOThread] WARNING: file z:/build/build/src/ipc/chromium/src/base/process_util_win.cc, line 166
JavaScript error: resource://gre/modules/Sqlite.jsm, line 834: Error: Connection is not open.
[GPU 19948, C
###!!! [Child][RunMessage] Error: Channel closing: too late to send/recv, messages will be lost

hrome_ChildThread]
###!!! [Child][MessageChannel::SendAndWait] Error: Channel error: cannot send/recv


Build info: version: '2.53.0', revision: '35ae25b', time: '2016-03-15 17:00:58'
System info: host: 'A13-AnujBansal', ip: '192.168.1.45', os.name: 'Windows 10', os.arch: 'amd64', os.version: '10.0', java.version: '1.8.0_201'
Driver info: driver.version: FirefoxDriver]]>
            </message>
            <full-stacktrace>
              <![CDATA[org.openqa.selenium.WebDriverException: Failed to connect to binary FirefoxBinary(C:\Program Files\Mozilla Firefox\firefox.exe) on port 7055; process output follows: 
54addons.xpiDEBUGCalling bootstrap method startup on screenshots@mozilla.org version 35.0.0
1558530385554addons.xpiDEBUGCalling bootstrap method startup on webcompat@mozilla.org version 3.0.2
1558530385556addons.managerDEBUGRegistering shutdown blocker for XPIProvider
1558530385556addons.managerDEBUGProvider finished startup: XPIProvider
1558530385556addons.managerDEBUGStarting provider: LightweightThemeManager
1558530385556addons.managerDEBUGRegistering shutdown blocker for LightweightThemeManager
1558530385556addons.managerDEBUGProvider finished startup: LightweightThemeManager
1558530385556addons.managerDEBUGStarting provider: GMPProvider
1558530385559addons.managerDEBUGRegistering shutdown blocker for GMPProvider
1558530385559addons.managerDEBUGProvider finished startup: GMPProvider
1558530385559addons.managerDEBUGStarting provider: PluginProvider
1558530385559addons.managerDEBUGRegistering shutdown blocker for PluginProvider
1558530385559addons.managerDEBUGProvider finished startup: PluginProvider
1558530385562addons.managerDEBUGCompleted startup sequence
1558530386558addons.repositoryDEBUGNo addons.json found.
1558530387198addons.managerDEBUGRegistering upgrade listener for formautofill@mozilla.org
1558530387276addons.xpiDEBUGIgnoring file: name is not a valid add-on ID: C:\Users\HP\AppData\Local\Temp\anonymous2304941973705155483webdriver-profile\extensions\webdriver-staging
1558530387277addons.xpiDEBUGExisting add-on formautofill@mozilla.org in app-system-defaults
1558530387277addons.xpiDEBUGExisting add-on screenshots@mozilla.org in app-system-defaults
1558530387277addons.xpiDEBUGExisting add-on webcompat-reporter@mozilla.org in app-system-defaults
1558530387277addons.xpiDEBUGExisting add-on webcompat@mozilla.org in app-system-defaults
1558530387277addons.xpiDEBUGscanForChanges changed: false, state: {}
JavaScript error: resource://gre/modules/addons/XPIProvider.jsm, line 2614: TypeError: addon is null
1558530389962addons.xpiDEBUGCalling bootstrap method shutdown on webcompat@mozilla.org version 3.0.2
1558530389964addons.xpiDEBUGCalling bootstrap method shutdown on screenshots@mozilla.org version 35.0.0
1558530389966addons.xpiDEBUGCalling bootstrap method shutdown on formautofill@mozilla.org version 1.0
[Parent 14120, Gecko_IOThread] WARNING: pipe error: 109: file z:/build/build/src/ipc/chromium/src/chrome/common/ipc_channel_win.cc, line 332
[Child 18812, Chrome_ChildThread] WARNING: pipe error: 109: file z:/build/build/src/ipc/chromium/src/chrome/common/ipc_channel_win.cc, line 332
[Child 18812, Chrome_ChildThread] WARNING: pipe error: 109: file z:/build/build/src/ipc/chromium/src/chrome/common/ipc_channel_win.cc, line 332
[Child 18728, Chrome_ChildThread] WARNING: pipe error: 109: file z:/build/build/src/ipc/chromium/src/chrome/common/ipc_channel_win.cc, line 332
[Child 18728, Chrome_ChildThread] [Child 3260, Chrome_ChildThread] WARNING: pipe error: 109: file z:/build/build/src/ipc/chromium/src/chrome/common/ipc_channel_win.cc, line 332
[Child 3260, Chrome_ChildThread] WAR1558530390081addons.managerDEBUGshutdown
1558530390081addons.managerDEBUGCalling shutdown blocker for XPIProvider
1558530390081addons.xpiDEBUGshutdown
1558530390082addons.xpi-utilsDEBUGshutdown
1558530390082addons.managerDEBUGCalling shutdown blocker for LightweightThemeManager
1558530390082addons.managerDEBUGCalling shutdown blocker for GMPProvider
1558530390082addons.managerDEBUGCalling shutdown blocker for PluginProvider
1558530390084addons.managerDEBUGAsync provider shutdown done
[Parent 14120, Gecko_IOThread] WARNING: file z:/build/build/src/ipc/chromium/src/base/process_util_win.cc, line 166
JavaScript error: resource://gre/modules/Sqlite.jsm, line 834: Error: Connection is not open.
[GPU 19948, C
###!!! [Child][RunMessage] Error: Channel closing: too late to send/recv, messages will be lost

hrome_ChildThread]
###!!! [Child][MessageChannel::SendAndWait] Error: Channel error: cannot send/recv


Build info: version: '2.53.0', revision: '35ae25b', time: '2016-03-15 17:00:58'
System info: host: 'A13-AnujBansal', ip: '192.168.1.45', os.name: 'Windows 10', os.arch: 'amd64', os.version: '10.0', java.version: '1.8.0_201'
Driver info: driver.version: FirefoxDriver
at org.openqa.selenium.firefox.internal.NewProfileExtensionConnection.start(NewProfileExtensionConnection.java:124)
at org.openqa.selenium.firefox.FirefoxDriver.startClient(FirefoxDriver.java:271)
at org.openqa.selenium.remote.RemoteWebDriver.<init>(RemoteWebDriver.java:119)
at org.openqa.selenium.firefox.FirefoxDriver.<init>(FirefoxDriver.java:218)
at org.openqa.selenium.firefox.FirefoxDriver.<init>(FirefoxDriver.java:211)
at org.openqa.selenium.firefox.FirefoxDriver.<init>(FirefoxDriver.java:207)
at org.openqa.selenium.firefox.FirefoxDriver.<init>(FirefoxDriver.java:120)
at testng_FramWork.Login.beforeTest(Login.java:33)
at sun.reflect.NativeMethodAccessorImpl.invoke0(Native Method)
at sun.reflect.NativeMethodAccessorImpl.invoke(Unknown Source)
at sun.reflect.DelegatingMethodAccessorImpl.invoke(Unknown Source)
at java.lang.reflect.Method.invoke(Unknown Source)
at org.testng.internal.MethodInvocationHelper.invokeMethod(MethodInvocationHelper.java:124)
at org.testng.internal.MethodInvocationHelper.invokeMethodConsideringTimeout(MethodInvocationHelper.java:59)
at org.testng.internal.Invoker.invokeConfigurationMethod(Invoker.java:458)
at org.testng.internal.Invoker.invokeConfigurations(Invoker.java:222)
at org.testng.internal.Invoker.invokeConfigurations(Invoker.java:142)
at org.testng.TestRunner.beforeRun(TestRunner.java:529)
at org.testng.TestRunner.run(TestRunner.java:497)
at org.testng.SuiteRunner.runTest(SuiteRunner.java:455)
at org.testng.SuiteRunner.runSequentially(SuiteRunner.java:450)
at org.testng.SuiteRunner.privateRun(SuiteRunner.java:415)
at org.testng.SuiteRunner.run(SuiteRunner.java:364)
at org.testng.SuiteRunnerWorker.runSuite(SuiteRunnerWorker.java:52)
at org.testng.SuiteRunnerWorker.run(SuiteRunnerWorker.java:84)
at org.testng.TestNG.runSuitesSequentially(TestNG.java:1208)
at org.testng.TestNG.runSuitesLocally(TestNG.java:1137)
at org.testng.TestNG.runSuites(TestNG.java:1049)
at org.testng.TestNG.run(TestNG.java:1017)
at org.testng.remote.AbstractRemoteTestNG.run(AbstractRemoteTestNG.java:115)
at org.testng.remote.RemoteTestNG.initAndRun(RemoteTestNG.java:251)
at org.testng.remote.RemoteTestNG.main(RemoteTestNG.java:77)
Caused by: org.openqa.selenium.firefox.NotConnectedException: Unable to connect to host 127.0.0.1 on port 7055 after 45000 ms. Firefox console output:
54addons.xpiDEBUGCalling bootstrap method startup on screenshots@mozilla.org version 35.0.0
1558530385554addons.xpiDEBUGCalling bootstrap method startup on webcompat@mozilla.org version 3.0.2
1558530385556addons.managerDEBUGRegistering shutdown blocker for XPIProvider
1558530385556addons.managerDEBUGProvider finished startup: XPIProvider
1558530385556addons.managerDEBUGStarting provider: LightweightThemeManager
1558530385556addons.managerDEBUGRegistering shutdown blocker for LightweightThemeManager
1558530385556addons.managerDEBUGProvider finished startup: LightweightThemeManager
1558530385556addons.managerDEBUGStarting provider: GMPProvider
1558530385559addons.managerDEBUGRegistering shutdown blocker for GMPProvider
1558530385559addons.managerDEBUGProvider finished startup: GMPProvider
1558530385559addons.managerDEBUGStarting provider: PluginProvider
1558530385559addons.managerDEBUGRegistering shutdown blocker for PluginProvider
1558530385559addons.managerDEBUGProvider finished startup: PluginProvider
1558530385562addons.managerDEBUGCompleted startup sequence
1558530386558addons.repositoryDEBUGNo addons.json found.
1558530387198addons.managerDEBUGRegistering upgrade listener for formautofill@mozilla.org
1558530387276addons.xpiDEBUGIgnoring file: name is not a valid add-on ID: C:\Users\HP\AppData\Local\Temp\anonymous2304941973705155483webdriver-profile\extensions\webdriver-staging
1558530387277addons.xpiDEBUGExisting add-on formautofill@mozilla.org in app-system-defaults
1558530387277addons.xpiDEBUGExisting add-on screenshots@mozilla.org in app-system-defaults
1558530387277addons.xpiDEBUGExisting add-on webcompat-reporter@mozilla.org in app-system-defaults
1558530387277addons.xpiDEBUGExisting add-on webcompat@mozilla.org in app-system-defaults
1558530387277addons.xpiDEBUGscanForChanges changed: false, state: {}
JavaScript error: resource://gre/modules/addons/XPIProvider.jsm, line 2614: TypeError: addon is null
1558530389962addons.xpiDEBUGCalling bootstrap method shutdown on webcompat@mozilla.org version 3.0.2
1558530389964addons.xpiDEBUGCalling bootstrap method shutdown on screenshots@mozilla.org version 35.0.0
1558530389966addons.xpiDEBUGCalling bootstrap method shutdown on formautofill@mozilla.org version 1.0
[Parent 14120, Gecko_IOThread] WARNING: pipe error: 109: file z:/build/build/src/ipc/chromium/src/chrome/common/ipc_channel_win.cc, line 332
[Child 18812, Chrome_ChildThread] WARNING: pipe error: 109: file z:/build/build/src/ipc/chromium/src/chrome/common/ipc_channel_win.cc, line 332
[Child 18812, Chrome_ChildThread] WARNING: pipe error: 109: file z:/build/build/src/ipc/chromium/src/chrome/common/ipc_channel_win.cc, line 332
[Child 18728, Chrome_ChildThread] WARNING: pipe error: 109: file z:/build/build/src/ipc/chromium/src/chrome/common/ipc_channel_win.cc, line 332
[Child 18728, Chrome_ChildThread] [Child 3260, Chrome_ChildThread] WARNING: pipe error: 109: file z:/build/build/src/ipc/chromium/src/chrome/common/ipc_channel_win.cc, line 332
[Child 3260, Chrome_ChildThread] WAR1558530390081addons.managerDEBUGshutdown
1558530390081addons.managerDEBUGCalling shutdown blocker for XPIProvider
1558530390081addons.xpiDEBUGshutdown
1558530390082addons.xpi-utilsDEBUGshutdown
1558530390082addons.managerDEBUGCalling shutdown blocker for LightweightThemeManager
1558530390082addons.managerDEBUGCalling shutdown blocker for GMPProvider
1558530390082addons.managerDEBUGCalling shutdown blocker for PluginProvider
1558530390084addons.managerDEBUGAsync provider shutdown done
[Parent 14120, Gecko_IOThread] WARNING: file z:/build/build/src/ipc/chromium/src/base/process_util_win.cc, line 166
JavaScript error: resource://gre/modules/Sqlite.jsm, line 834: Error: Connection is not open.
[GPU 19948, C
###!!! [Child][RunMessage] Error: Channel closing: too late to send/recv, messages will be lost

hrome_ChildThread]
###!!! [Child][MessageChannel::SendAndWait] Error: Channel error: cannot send/recv


at org.openqa.selenium.firefox.internal.NewProfileExtensionConnection.start(NewProfileExtensionConnection.java:112)
... 31 more
]]>
            </full-stacktrace>
          </exception> <!-- org.openqa.selenium.WebDriverException -->
          <reporter-output>
          </reporter-output>
        </test-method> <!-- beforeTest -->
        <test-method status="SKIP" signature="Search()[pri:0, instance:testng_FramWork.Login@4520ebad]" name="Search" duration-ms="0" started-at="2019-05-22T13:07:10Z" finished-at="2019-05-22T13:07:10Z">
          <exception class="org.openqa.selenium.WebDriverException">
            <message>
              <![CDATA[Failed to connect to binary FirefoxBinary(C:\Program Files\Mozilla Firefox\firefox.exe) on port 7055; process output follows: 
54addons.xpiDEBUGCalling bootstrap method startup on screenshots@mozilla.org version 35.0.0
1558530385554addons.xpiDEBUGCalling bootstrap method startup on webcompat@mozilla.org version 3.0.2
1558530385556addons.managerDEBUGRegistering shutdown blocker for XPIProvider
1558530385556addons.managerDEBUGProvider finished startup: XPIProvider
1558530385556addons.managerDEBUGStarting provider: LightweightThemeManager
1558530385556addons.managerDEBUGRegistering shutdown blocker for LightweightThemeManager
1558530385556addons.managerDEBUGProvider finished startup: LightweightThemeManager
1558530385556addons.managerDEBUGStarting provider: GMPProvider
1558530385559addons.managerDEBUGRegistering shutdown blocker for GMPProvider
1558530385559addons.managerDEBUGProvider finished startup: GMPProvider
1558530385559addons.managerDEBUGStarting provider: PluginProvider
1558530385559addons.managerDEBUGRegistering shutdown blocker for PluginProvider
1558530385559addons.managerDEBUGProvider finished startup: PluginProvider
1558530385562addons.managerDEBUGCompleted startup sequence
1558530386558addons.repositoryDEBUGNo addons.json found.
1558530387198addons.managerDEBUGRegistering upgrade listener for formautofill@mozilla.org
1558530387276addons.xpiDEBUGIgnoring file: name is not a valid add-on ID: C:\Users\HP\AppData\Local\Temp\anonymous2304941973705155483webdriver-profile\extensions\webdriver-staging
1558530387277addons.xpiDEBUGExisting add-on formautofill@mozilla.org in app-system-defaults
1558530387277addons.xpiDEBUGExisting add-on screenshots@mozilla.org in app-system-defaults
1558530387277addons.xpiDEBUGExisting add-on webcompat-reporter@mozilla.org in app-system-defaults
1558530387277addons.xpiDEBUGExisting add-on webcompat@mozilla.org in app-system-defaults
1558530387277addons.xpiDEBUGscanForChanges changed: false, state: {}
JavaScript error: resource://gre/modules/addons/XPIProvider.jsm, line 2614: TypeError: addon is null
1558530389962addons.xpiDEBUGCalling bootstrap method shutdown on webcompat@mozilla.org version 3.0.2
1558530389964addons.xpiDEBUGCalling bootstrap method shutdown on screenshots@mozilla.org version 35.0.0
1558530389966addons.xpiDEBUGCalling bootstrap method shutdown on formautofill@mozilla.org version 1.0
[Parent 14120, Gecko_IOThread] WARNING: pipe error: 109: file z:/build/build/src/ipc/chromium/src/chrome/common/ipc_channel_win.cc, line 332
[Child 18812, Chrome_ChildThread] WARNING: pipe error: 109: file z:/build/build/src/ipc/chromium/src/chrome/common/ipc_channel_win.cc, line 332
[Child 18812, Chrome_ChildThread] WARNING: pipe error: 109: file z:/build/build/src/ipc/chromium/src/chrome/common/ipc_channel_win.cc, line 332
[Child 18728, Chrome_ChildThread] WARNING: pipe error: 109: file z:/build/build/src/ipc/chromium/src/chrome/common/ipc_channel_win.cc, line 332
[Child 18728, Chrome_ChildThread] [Child 3260, Chrome_ChildThread] WARNING: pipe error: 109: file z:/build/build/src/ipc/chromium/src/chrome/common/ipc_channel_win.cc, line 332
[Child 3260, Chrome_ChildThread] WAR1558530390081addons.managerDEBUGshutdown
1558530390081addons.managerDEBUGCalling shutdown blocker for XPIProvider
1558530390081addons.xpiDEBUGshutdown
1558530390082addons.xpi-utilsDEBUGshutdown
1558530390082addons.managerDEBUGCalling shutdown blocker for LightweightThemeManager
1558530390082addons.managerDEBUGCalling shutdown blocker for GMPProvider
1558530390082addons.managerDEBUGCalling shutdown blocker for PluginProvider
1558530390084addons.managerDEBUGAsync provider shutdown done
[Parent 14120, Gecko_IOThread] WARNING: file z:/build/build/src/ipc/chromium/src/base/process_util_win.cc, line 166
JavaScript error: resource://gre/modules/Sqlite.jsm, line 834: Error: Connection is not open.
[GPU 19948, C
###!!! [Child][RunMessage] Error: Channel closing: too late to send/recv, messages will be lost

hrome_ChildThread]
###!!! [Child][MessageChannel::SendAndWait] Error: Channel error: cannot send/recv


Build info: version: '2.53.0', revision: '35ae25b', time: '2016-03-15 17:00:58'
System info: host: 'A13-AnujBansal', ip: '192.168.1.45', os.name: 'Windows 10', os.arch: 'amd64', os.version: '10.0', java.version: '1.8.0_201'
Driver info: driver.version: FirefoxDriver]]>
            </message>
            <full-stacktrace>
              <![CDATA[org.openqa.selenium.WebDriverException: Failed to connect to binary FirefoxBinary(C:\Program Files\Mozilla Firefox\firefox.exe) on port 7055; process output follows: 
54addons.xpiDEBUGCalling bootstrap method startup on screenshots@mozilla.org version 35.0.0
1558530385554addons.xpiDEBUGCalling bootstrap method startup on webcompat@mozilla.org version 3.0.2
1558530385556addons.managerDEBUGRegistering shutdown blocker for XPIProvider
1558530385556addons.managerDEBUGProvider finished startup: XPIProvider
1558530385556addons.managerDEBUGStarting provider: LightweightThemeManager
1558530385556addons.managerDEBUGRegistering shutdown blocker for LightweightThemeManager
1558530385556addons.managerDEBUGProvider finished startup: LightweightThemeManager
1558530385556addons.managerDEBUGStarting provider: GMPProvider
1558530385559addons.managerDEBUGRegistering shutdown blocker for GMPProvider
1558530385559addons.managerDEBUGProvider finished startup: GMPProvider
1558530385559addons.managerDEBUGStarting provider: PluginProvider
1558530385559addons.managerDEBUGRegistering shutdown blocker for PluginProvider
1558530385559addons.managerDEBUGProvider finished startup: PluginProvider
1558530385562addons.managerDEBUGCompleted startup sequence
1558530386558addons.repositoryDEBUGNo addons.json found.
1558530387198addons.managerDEBUGRegistering upgrade listener for formautofill@mozilla.org
1558530387276addons.xpiDEBUGIgnoring file: name is not a valid add-on ID: C:\Users\HP\AppData\Local\Temp\anonymous2304941973705155483webdriver-profile\extensions\webdriver-staging
1558530387277addons.xpiDEBUGExisting add-on formautofill@mozilla.org in app-system-defaults
1558530387277addons.xpiDEBUGExisting add-on screenshots@mozilla.org in app-system-defaults
1558530387277addons.xpiDEBUGExisting add-on webcompat-reporter@mozilla.org in app-system-defaults
1558530387277addons.xpiDEBUGExisting add-on webcompat@mozilla.org in app-system-defaults
1558530387277addons.xpiDEBUGscanForChanges changed: false, state: {}
JavaScript error: resource://gre/modules/addons/XPIProvider.jsm, line 2614: TypeError: addon is null
1558530389962addons.xpiDEBUGCalling bootstrap method shutdown on webcompat@mozilla.org version 3.0.2
1558530389964addons.xpiDEBUGCalling bootstrap method shutdown on screenshots@mozilla.org version 35.0.0
1558530389966addons.xpiDEBUGCalling bootstrap method shutdown on formautofill@mozilla.org version 1.0
[Parent 14120, Gecko_IOThread] WARNING: pipe error: 109: file z:/build/build/src/ipc/chromium/src/chrome/common/ipc_channel_win.cc, line 332
[Child 18812, Chrome_ChildThread] WARNING: pipe error: 109: file z:/build/build/src/ipc/chromium/src/chrome/common/ipc_channel_win.cc, line 332
[Child 18812, Chrome_ChildThread] WARNING: pipe error: 109: file z:/build/build/src/ipc/chromium/src/chrome/common/ipc_channel_win.cc, line 332
[Child 18728, Chrome_ChildThread] WARNING: pipe error: 109: file z:/build/build/src/ipc/chromium/src/chrome/common/ipc_channel_win.cc, line 332
[Child 18728, Chrome_ChildThread] [Child 3260, Chrome_ChildThread] WARNING: pipe error: 109: file z:/build/build/src/ipc/chromium/src/chrome/common/ipc_channel_win.cc, line 332
[Child 3260, Chrome_ChildThread] WAR1558530390081addons.managerDEBUGshutdown
1558530390081addons.managerDEBUGCalling shutdown blocker for XPIProvider
1558530390081addons.xpiDEBUGshutdown
1558530390082addons.xpi-utilsDEBUGshutdown
1558530390082addons.managerDEBUGCalling shutdown blocker for LightweightThemeManager
1558530390082addons.managerDEBUGCalling shutdown blocker for GMPProvider
1558530390082addons.managerDEBUGCalling shutdown blocker for PluginProvider
1558530390084addons.managerDEBUGAsync provider shutdown done
[Parent 14120, Gecko_IOThread] WARNING: file z:/build/build/src/ipc/chromium/src/base/process_util_win.cc, line 166
JavaScript error: resource://gre/modules/Sqlite.jsm, line 834: Error: Connection is not open.
[GPU 19948, C
###!!! [Child][RunMessage] Error: Channel closing: too late to send/recv, messages will be lost

hrome_ChildThread]
###!!! [Child][MessageChannel::SendAndWait] Error: Channel error: cannot send/recv


Build info: version: '2.53.0', revision: '35ae25b', time: '2016-03-15 17:00:58'
System info: host: 'A13-AnujBansal', ip: '192.168.1.45', os.name: 'Windows 10', os.arch: 'amd64', os.version: '10.0', java.version: '1.8.0_201'
Driver info: driver.version: FirefoxDriver
at org.openqa.selenium.firefox.internal.NewProfileExtensionConnection.start(NewProfileExtensionConnection.java:124)
at org.openqa.selenium.firefox.FirefoxDriver.startClient(FirefoxDriver.java:271)
at org.openqa.selenium.remote.RemoteWebDriver.<init>(RemoteWebDriver.java:119)
at org.openqa.selenium.firefox.FirefoxDriver.<init>(FirefoxDriver.java:218)
at org.openqa.selenium.firefox.FirefoxDriver.<init>(FirefoxDriver.java:211)
at org.openqa.selenium.firefox.FirefoxDriver.<init>(FirefoxDriver.java:207)
at org.openqa.selenium.firefox.FirefoxDriver.<init>(FirefoxDriver.java:120)
at testng_FramWork.Login.beforeTest(Login.java:33)
at sun.reflect.NativeMethodAccessorImpl.invoke0(Native Method)
at sun.reflect.NativeMethodAccessorImpl.invoke(Unknown Source)
at sun.reflect.DelegatingMethodAccessorImpl.invoke(Unknown Source)
at java.lang.reflect.Method.invoke(Unknown Source)
at org.testng.internal.MethodInvocationHelper.invokeMethod(MethodInvocationHelper.java:124)
at org.testng.internal.MethodInvocationHelper.invokeMethodConsideringTimeout(MethodInvocationHelper.java:59)
at org.testng.internal.Invoker.invokeConfigurationMethod(Invoker.java:458)
at org.testng.internal.Invoker.invokeConfigurations(Invoker.java:222)
at org.testng.internal.Invoker.invokeConfigurations(Invoker.java:142)
at org.testng.TestRunner.beforeRun(TestRunner.java:529)
at org.testng.TestRunner.run(TestRunner.java:497)
at org.testng.SuiteRunner.runTest(SuiteRunner.java:455)
at org.testng.SuiteRunner.runSequentially(SuiteRunner.java:450)
at org.testng.SuiteRunner.privateRun(SuiteRunner.java:415)
at org.testng.SuiteRunner.run(SuiteRunner.java:364)
at org.testng.SuiteRunnerWorker.runSuite(SuiteRunnerWorker.java:52)
at org.testng.SuiteRunnerWorker.run(SuiteRunnerWorker.java:84)
at org.testng.TestNG.runSuitesSequentially(TestNG.java:1208)
at org.testng.TestNG.runSuitesLocally(TestNG.java:1137)
at org.testng.TestNG.runSuites(TestNG.java:1049)
at org.testng.TestNG.run(TestNG.java:1017)
at org.testng.remote.AbstractRemoteTestNG.run(AbstractRemoteTestNG.java:115)
at org.testng.remote.RemoteTestNG.initAndRun(RemoteTestNG.java:251)
at org.testng.remote.RemoteTestNG.main(RemoteTestNG.java:77)
Caused by: org.openqa.selenium.firefox.NotConnectedException: Unable to connect to host 127.0.0.1 on port 7055 after 45000 ms. Firefox console output:
54addons.xpiDEBUGCalling bootstrap method startup on screenshots@mozilla.org version 35.0.0
1558530385554addons.xpiDEBUGCalling bootstrap method startup on webcompat@mozilla.org version 3.0.2
1558530385556addons.managerDEBUGRegistering shutdown blocker for XPIProvider
1558530385556addons.managerDEBUGProvider finished startup: XPIProvider
1558530385556addons.managerDEBUGStarting provider: LightweightThemeManager
1558530385556addons.managerDEBUGRegistering shutdown blocker for LightweightThemeManager
1558530385556addons.managerDEBUGProvider finished startup: LightweightThemeManager
1558530385556addons.managerDEBUGStarting provider: GMPProvider
1558530385559addons.managerDEBUGRegistering shutdown blocker for GMPProvider
1558530385559addons.managerDEBUGProvider finished startup: GMPProvider
1558530385559addons.managerDEBUGStarting provider: PluginProvider
1558530385559addons.managerDEBUGRegistering shutdown blocker for PluginProvider
1558530385559addons.managerDEBUGProvider finished startup: PluginProvider
1558530385562addons.managerDEBUGCompleted startup sequence
1558530386558addons.repositoryDEBUGNo addons.json found.
1558530387198addons.managerDEBUGRegistering upgrade listener for formautofill@mozilla.org
1558530387276addons.xpiDEBUGIgnoring file: name is not a valid add-on ID: C:\Users\HP\AppData\Local\Temp\anonymous2304941973705155483webdriver-profile\extensions\webdriver-staging
1558530387277addons.xpiDEBUGExisting add-on formautofill@mozilla.org in app-system-defaults
1558530387277addons.xpiDEBUGExisting add-on screenshots@mozilla.org in app-system-defaults
1558530387277addons.xpiDEBUGExisting add-on webcompat-reporter@mozilla.org in app-system-defaults
1558530387277addons.xpiDEBUGExisting add-on webcompat@mozilla.org in app-system-defaults
1558530387277addons.xpiDEBUGscanForChanges changed: false, state: {}
JavaScript error: resource://gre/modules/addons/XPIProvider.jsm, line 2614: TypeError: addon is null
1558530389962addons.xpiDEBUGCalling bootstrap method shutdown on webcompat@mozilla.org version 3.0.2
1558530389964addons.xpiDEBUGCalling bootstrap method shutdown on screenshots@mozilla.org version 35.0.0
1558530389966addons.xpiDEBUGCalling bootstrap method shutdown on formautofill@mozilla.org version 1.0
[Parent 14120, Gecko_IOThread] WARNING: pipe error: 109: file z:/build/build/src/ipc/chromium/src/chrome/common/ipc_channel_win.cc, line 332
[Child 18812, Chrome_ChildThread] WARNING: pipe error: 109: file z:/build/build/src/ipc/chromium/src/chrome/common/ipc_channel_win.cc, line 332
[Child 18812, Chrome_ChildThread] WARNING: pipe error: 109: file z:/build/build/src/ipc/chromium/src/chrome/common/ipc_channel_win.cc, line 332
[Child 18728, Chrome_ChildThread] WARNING: pipe error: 109: file z:/build/build/src/ipc/chromium/src/chrome/common/ipc_channel_win.cc, line 332
[Child 18728, Chrome_ChildThread] [Child 3260, Chrome_ChildThread] WARNING: pipe error: 109: file z:/build/build/src/ipc/chromium/src/chrome/common/ipc_channel_win.cc, line 332
[Child 3260, Chrome_ChildThread] WAR1558530390081addons.managerDEBUGshutdown
1558530390081addons.managerDEBUGCalling shutdown blocker for XPIProvider
1558530390081addons.xpiDEBUGshutdown
1558530390082addons.xpi-utilsDEBUGshutdown
1558530390082addons.managerDEBUGCalling shutdown blocker for LightweightThemeManager
1558530390082addons.managerDEBUGCalling shutdown blocker for GMPProvider
1558530390082addons.managerDEBUGCalling shutdown blocker for PluginProvider
1558530390084addons.managerDEBUGAsync provider shutdown done
[Parent 14120, Gecko_IOThread] WARNING: file z:/build/build/src/ipc/chromium/src/base/process_util_win.cc, line 166
JavaScript error: resource://gre/modules/Sqlite.jsm, line 834: Error: Connection is not open.
[GPU 19948, C
###!!! [Child][RunMessage] Error: Channel closing: too late to send/recv, messages will be lost

hrome_ChildThread]
###!!! [Child][MessageChannel::SendAndWait] Error: Channel error: cannot send/recv


at org.openqa.selenium.firefox.internal.NewProfileExtensionConnection.start(NewProfileExtensionConnection.java:112)
... 31 more
]]>
            </full-stacktrace>
          </exception> <!-- org.openqa.selenium.WebDriverException -->
          <reporter-output>
          </reporter-output>
        </test-method> <!-- Search -->
        <test-method status="SKIP" signature="afterTest()[pri:0, instance:testng_FramWork.Login@4520ebad]" name="afterTest" is-config="true" duration-ms="0" started-at="2019-05-22T13:07:10Z" finished-at="2019-05-22T13:07:10Z">
          <reporter-output>
          </reporter-output>
        </test-method> <!-- afterTest -->
      </class> <!-- testng_FramWork.Login -->
    </test> <!-- Default test -->
  </suite> <!-- Default suite -->
</testng-results>
