<?xml version="1.0" encoding="UTF-8"?>
<testng-results skipped="0" failed="0" ignored="0" total="1" passed="1">
  <reporter-output>
  </reporter-output>
  <suite name="Default suite" duration-ms="15793" started-at="2019-05-11T12:39:25Z" finished-at="2019-05-11T12:39:41Z">
    <groups>
    </groups>
    <test name="Default test" duration-ms="15793" started-at="2019-05-11T12:39:25Z" finished-at="2019-05-11T12:39:41Z">
      <class name="sikuli_package.Sikuli">
        <test-method status="PASS" signature="test()[pri:0, instance:sikuli_package.Sikuli@5034c75a]" name="test" duration-ms="15776" started-at="2019-05-11T12:39:25Z" finished-at="2019-05-11T12:39:41Z">
          <reporter-output>
          </reporter-output>
        </test-method> <!-- test -->
      </class> <!-- sikuli_package.Sikuli -->
    </test> <!-- Default test -->
  </suite> <!-- Default suite -->
</testng-results>
