<?xml version="1.0" encoding="UTF-8"?>
<testng-results skipped="0" failed="0" ignored="0" total="1" passed="1">
  <reporter-output>
  </reporter-output>
  <suite name="Default suite" duration-ms="426388" started-at="2019-12-28T10:55:54Z" finished-at="2019-12-28T11:03:00Z">
    <groups>
    </groups>
    <test name="Default test" duration-ms="426388" started-at="2019-12-28T10:55:54Z" finished-at="2019-12-28T11:03:00Z">
      <class name="abroad_chrome.SearchOnly">
        <test-method status="PASS" signature="f()[pri:0, instance:abroad_chrome.SearchOnly@2a5ca609]" name="f" duration-ms="426358" started-at="2019-12-28T10:55:54Z" finished-at="2019-12-28T11:03:00Z">
          <reporter-output>
          </reporter-output>
        </test-method> <!-- f -->
      </class> <!-- abroad_chrome.SearchOnly -->
    </test> <!-- Default test -->
  </suite> <!-- Default suite -->
</testng-results>
